# JRE version: OpenJDK Runtime Environment Microsoft-8035246 (17.0.8+7) (build 17.0.8+7-LTS)
# Java VM: OpenJDK 64-Bit Server VM Microsoft-8035246 (17.0.8+7-LTS, mixed mode, sharing, tiered, compressed oops, compressed class ptrs, g1 gc, windows-amd64)
GC Precious Log:
 CPUs: 12 total, 12 available
 Memory: 16205M
 Large Page Support: Disabled
 NUMA Support: Disabled
 Compressed Oops: Enabled (32-bit)
 Heap Region Size: 1M
 Heap Min Capacity: 8M
 Heap Initial Capacity: 254M
 Heap Max Capacity: 2G
 Pre-touch: Disabled
 Parallel Workers: 10
 Concurrent Workers: 3
 Concurrent Refinement Workers: 10
 Periodic GC: Disabled
Heap:
 garbage-first heap   total 294912K, used 172976K [0x0000000080000000, 0x0000000100000000)
  region size 1024K, 13 young (13312K), 5 survivors (5120K)
 Metaspace       used 99160K, committed 100224K, reserved 557056K
  class space    used 13954K, committed 14464K, reserved 425984K
GC Heap History (20 events):
Event: 14.361 GC heap before
{Heap before GC invocations=51 (full 0):
 garbage-first heap   total 195584K, used 119976K [0x0000000080000000, 0x0000000100000000)
  region size 1024K, 23 young (23552K), 8 survivors (8192K)
 Metaspace       used 89404K, committed 90368K, reserved 557056K
  class space    used 12607K, committed 13056K, reserved 425984K
}
Event: 14.365 GC heap after
{Heap after GC invocations=52 (full 0):
 garbage-first heap   total 195584K, used 108811K [0x0000000080000000, 0x0000000100000000)
  region size 1024K, 3 young (3072K), 3 survivors (3072K)
 Metaspace       used 89404K, committed 90368K, reserved 557056K
  class space    used 12607K, committed 13056K, reserved 425984K
}
Event: 14.884 GC heap before
{Heap before GC invocations=53 (full 0):
 garbage-first heap   total 195584K, used 163083K [0x0000000080000000, 0x0000000100000000)
  region size 1024K, 50 young (51200K), 3 survivors (3072K)
 Metaspace       used 90026K, committed 90944K, reserved 557056K
  class space    used 12672K, committed 13056K, reserved 425984K
}
Event: 14.889 GC heap after
{Heap after GC invocations=54 (full 0):
 garbage-first heap   total 195584K, used 128042K [0x0000000080000000, 0x0000000100000000)
  region size 1024K, 7 young (7168K), 7 survivors (7168K)
 Metaspace       used 90026K, committed 90944K, reserved 557056K
  class space    used 12672K, committed 13056K, reserved 425984K
}
Event: 14.905 GC heap before
{Heap before GC invocations=54 (full 0):
 garbage-first heap   total 195584K, used 130090K [0x0000000080000000, 0x0000000100000000)
  region size 1024K, 9 young (9216K), 7 survivors (7168K)
 Metaspace       used 90055K, committed 90944K, reserved 557056K
  class space    used 12672K, committed 13056K, reserved 425984K
}
Event: 14.908 GC heap after
{Heap after GC invocations=55 (full 0):
 garbage-first heap   total 195584K, used 129711K [0x0000000080000000, 0x0000000100000000)
  region size 1024K, 1 young (1024K), 1 survivors (1024K)
 Metaspace       used 90055K, committed 90944K, reserved 557056K
  class space    used 12672K, committed 13056K, reserved 425984K
}
Event: 15.307 GC heap before
{Heap before GC invocations=55 (full 0):
 garbage-first heap   total 195584K, used 160431K [0x0000000080000000, 0x0000000100000000)
  region size 1024K, 30 young (30720K), 1 survivors (1024K)
 Metaspace       used 90390K, committed 91328K, reserved 557056K
  class space    used 12713K, committed 13120K, reserved 425984K
}
Event: 15.309 GC heap after
{Heap after GC invocations=56 (full 0):
 garbage-first heap   total 195584K, used 137977K [0x0000000080000000, 0x0000000100000000)
  region size 1024K, 4 young (4096K), 4 survivors (4096K)
 Metaspace       used 90390K, committed 91328K, reserved 557056K
  class space    used 12713K, committed 13120K, reserved 425984K
}
Event: 15.476 GC heap before
{Heap before GC invocations=57 (full 0):
 garbage-first heap   total 245760K, used 160505K [0x0000000080000000, 0x0000000100000000)
  region size 1024K, 26 young (26624K), 4 survivors (4096K)
 Metaspace       used 91328K, committed 92288K, reserved 557056K
  class space    used 12829K, committed 13248K, reserved 425984K
}
Event: 15.479 GC heap after
{Heap after GC invocations=58 (full 0):
 garbage-first heap   total 245760K, used 141022K [0x0000000080000000, 0x0000000100000000)
  region size 1024K, 3 young (3072K), 3 survivors (3072K)
 Metaspace       used 91328K, committed 92288K, reserved 557056K
  class space    used 12829K, committed 13248K, reserved 425984K
}
Event: 15.548 GC heap before
{Heap before GC invocations=58 (full 0):
 garbage-first heap   total 245760K, used 150238K [0x0000000080000000, 0x0000000100000000)
  region size 1024K, 12 young (12288K), 3 survivors (3072K)
 Metaspace       used 92022K, committed 92992K, reserved 557056K
  class space    used 12935K, committed 13376K, reserved 425984K
}
Event: 15.550 GC heap after
{Heap after GC invocations=59 (full 0):
 garbage-first heap   total 294912K, used 141028K [0x0000000080000000, 0x0000000100000000)
  region size 1024K, 1 young (1024K), 1 survivors (1024K)
 Metaspace       used 92022K, committed 92992K, reserved 557056K
  class space    used 12935K, committed 13376K, reserved 425984K
}
Event: 16.204 GC heap before
{Heap before GC invocations=59 (full 0):
 garbage-first heap   total 294912K, used 216804K [0x0000000080000000, 0x0000000100000000)
  region size 1024K, 75 young (76800K), 1 survivors (1024K)
 Metaspace       used 96607K, committed 97664K, reserved 557056K
  class space    used 13589K, committed 14080K, reserved 425984K
}
Event: 16.209 GC heap after
{Heap after GC invocations=60 (full 0):
 garbage-first heap   total 294912K, used 146976K [0x0000000080000000, 0x0000000100000000)
  region size 1024K, 7 young (7168K), 7 survivors (7168K)
 Metaspace       used 96607K, committed 97664K, reserved 557056K
  class space    used 13589K, committed 14080K, reserved 425984K
}
Event: 16.677 GC heap before
{Heap before GC invocations=60 (full 0):
 garbage-first heap   total 294912K, used 222752K [0x0000000080000000, 0x0000000100000000)
  region size 1024K, 81 young (82944K), 7 survivors (7168K)
 Metaspace       used 97820K, committed 98816K, reserved 557056K
  class space    used 13708K, committed 14208K, reserved 425984K
}
Event: 16.684 GC heap after
{Heap after GC invocations=61 (full 0):
 garbage-first heap   total 294912K, used 155209K [0x0000000080000000, 0x0000000100000000)
  region size 1024K, 9 young (9216K), 9 survivors (9216K)
 Metaspace       used 97820K, committed 98816K, reserved 557056K
  class space    used 13708K, committed 14208K, reserved 425984K
}
Event: 17.054 GC heap before
{Heap before GC invocations=61 (full 0):
 garbage-first heap   total 294912K, used 227913K [0x0000000080000000, 0x0000000100000000)
  region size 1024K, 81 young (82944K), 9 survivors (9216K)
 Metaspace       used 99088K, committed 100160K, reserved 557056K
  class space    used 13954K, committed 14464K, reserved 425984K
}
Event: 17.086 GC heap after
{Heap after GC invocations=62 (full 0):
 garbage-first heap   total 294912K, used 162092K [0x0000000080000000, 0x0000000100000000)
  region size 1024K, 7 young (7168K), 7 survivors (7168K)
 Metaspace       used 99088K, committed 100160K, reserved 557056K
  class space    used 13954K, committed 14464K, reserved 425984K
}
Event: 17.400 GC heap before
{Heap before GC invocations=62 (full 0):
 garbage-first heap   total 294912K, used 232748K [0x0000000080000000, 0x0000000100000000)
  region size 1024K, 77 young (78848K), 7 survivors (7168K)
 Metaspace       used 99160K, committed 100224K, reserved 557056K
  class space    used 13954K, committed 14464K, reserved 425984K
}
Event: 17.407 GC heap after
{Heap after GC invocations=63 (full 0):
 garbage-first heap   total 294912K, used 165808K [0x0000000080000000, 0x0000000100000000)
  region size 1024K, 5 young (5120K), 5 survivors (5120K)
 Metaspace       used 99160K, committed 100224K, reserved 557056K
  class space    used 13954K, committed 14464K, reserved 425984K
}

